2022-08-20 16:57:14.909 - INFO - 35518 - azureml.train.automl._experiment_drivers.driver_utilities.modify_run_configuration:221 - Package azureml-train-automl missing from dependencies file.
2022-08-20 16:57:14.909 - INFO - 35518 - azureml.train.automl._experiment_drivers.driver_utilities.modify_run_configuration:227 - Using pinned version: azureml-train-automl==1.43.0.*
2022-08-20 16:57:14.909 - INFO - 35518 - azureml.train.automl._experiment_drivers.driver_utilities.modify_run_configuration:221 - Package pandas missing from dependencies file.
2022-08-20 16:57:14.910 - INFO - 35518 - azureml.train.automl._experiment_drivers.driver_utilities.modify_run_configuration:227 - Using pinned version: pandas==1.1.5
2022-08-20 16:57:14.910 - INFO - 35518 - azureml.train.automl._experiment_drivers.driver_utilities.modify_run_configuration:221 - Package psutil missing from dependencies file.
2022-08-20 16:57:14.910 - INFO - 35518 - azureml.train.automl._experiment_drivers.driver_utilities.modify_run_configuration:227 - Using pinned version: psutil>5.0.0,<6.0.0
2022-08-20 16:57:14.911 - INFO - 35518 - azureml.train.automl._experiment_drivers.driver_utilities.modify_run_configuration:221 - Package scikit-learn missing from dependencies file.
2022-08-20 16:57:14.912 - INFO - 35518 - azureml.train.automl._experiment_drivers.driver_utilities.modify_run_configuration:227 - Using pinned version: scikit-learn==0.22.1
2022-08-20 16:57:14.912 - INFO - 35518 - azureml.train.automl._experiment_drivers.driver_utilities.modify_run_configuration:221 - Package numpy missing from dependencies file.
2022-08-20 16:57:14.912 - INFO - 35518 - azureml.train.automl._experiment_drivers.driver_utilities.modify_run_configuration:227 - Using pinned version: numpy~=1.18.0
2022-08-20 16:57:14.913 - INFO - 35518 - azureml.train.automl._experiment_drivers.driver_utilities.modify_run_configuration:221 - Package py-xgboost missing from dependencies file.
2022-08-20 16:57:14.913 - INFO - 35518 - azureml.train.automl._experiment_drivers.driver_utilities.modify_run_configuration:227 - Using pinned version: py-xgboost==1.3.3
2022-08-20 16:57:14.913 - INFO - 35518 - azureml.train.automl._experiment_drivers.driver_utilities.modify_run_configuration:221 - Package inference-schema missing from dependencies file.
2022-08-20 16:57:14.914 - INFO - 35518 - azureml.train.automl._experiment_drivers.driver_utilities.modify_run_configuration:231 - Using installed version: inference-schema==1.3.0
2022-08-20 16:57:14.914 - INFO - 35518 - azureml.train.automl._experiment_drivers.driver_utilities.modify_run_configuration:221 - Package fbprophet missing from dependencies file.
2022-08-20 16:57:14.914 - INFO - 35518 - azureml.train.automl._experiment_drivers.driver_utilities.modify_run_configuration:227 - Using pinned version: fbprophet==0.7.1
2022-08-20 16:57:14.915 - INFO - 35518 - azureml.train.automl._experiment_drivers.driver_utilities.modify_run_configuration:221 - Package holidays missing from dependencies file.
2022-08-20 16:57:14.915 - INFO - 35518 - azureml.train.automl._experiment_drivers.driver_utilities.modify_run_configuration:227 - Using pinned version: holidays==0.10.3
2022-08-20 16:57:14.915 - INFO - 35518 - azureml.train.automl._experiment_drivers.driver_utilities.modify_run_configuration:221 - Package joblib missing from dependencies file.
2022-08-20 16:57:14.915 - INFO - 35518 - azureml.train.automl._experiment_drivers.driver_utilities.modify_run_configuration:227 - Using pinned version: joblib==0.14.1
2022-08-20 16:57:14.916 - INFO - 35518 - azureml.train.automl._experiment_drivers.driver_utilities.modify_run_configuration:221 - Package pystan missing from dependencies file.
2022-08-20 16:57:14.916 - INFO - 35518 - azureml.train.automl._experiment_drivers.driver_utilities.modify_run_configuration:227 - Using pinned version: pystan==2.19.1.1
2022-08-20 16:57:14.916 - INFO - 35518 - azureml.train.automl._experiment_drivers.driver_utilities.modify_run_configuration:221 - Package setuptools-git missing from dependencies file.
2022-08-20 16:57:14.917 - INFO - 35518 - azureml.train.automl._experiment_drivers.driver_utilities.modify_run_configuration:231 - Using installed version: setuptools-git==1.2
2022-08-20 16:57:14.917 - INFO - 35518 - azureml.train.automl._experiment_drivers.driver_utilities.modify_run_configuration:221 - Package urllib3 missing from dependencies file.
2022-08-20 16:57:14.917 - INFO - 35518 - azureml.train.automl._experiment_drivers.driver_utilities.modify_run_configuration:231 - Using installed version: urllib3==1.26.9
2022-08-20 16:57:14.918 - INFO - 35518 - azureml.train.automl._experiment_drivers.driver_utilities.modify_run_configuration:221 - Package azure-core missing from dependencies file.
2022-08-20 16:57:14.918 - INFO - 35518 - azureml.train.automl._experiment_drivers.driver_utilities.modify_run_configuration:231 - Using installed version: azure-core==1.22.1
2022-08-20 16:57:14.947 - INFO - 35518 - azureml.automl.core.dataset_utilities._save_datasets_to_json:236 - JSON serialization of input of type <class 'NoneType'> is un-supported.
2022-08-20 16:57:14.949 - INFO - 35518 - azureml.train.automl._experiment_drivers.driver_utilities.validate_input:124 - Start data validation.
2022-08-20 16:57:16.490 - INFO - 35518 - azureml.train.automl._experiment_drivers.driver_utilities.validate_input:137 - Validation service found the data has no errors.
2022-08-20 16:57:16.490 - INFO - 35518 - azureml.train.automl._experiment_drivers.driver_utilities.create_remote_parent_run:381 - Start creating parent run.
2022-08-20 16:57:16.737 - INFO - 35518 - azureml.train.automl._experiment_drivers.driver_utilities.create_remote_parent_run:401 - [ParentRunID:AutoML_d3f8b2e3-e05a-4372-809d-2de07a085b5e] Remote run using input X and y.
2022-08-20 16:57:16.831 - INFO - 35518 - azureml.train.automl._experiment_drivers.driver_utilities.start_remote_run:336 - Starting a snapshot run (snapshot_id : None)
